02/11/2023 17:06:04    /orderdetails.asp    dave    Enter: No. of query params=1
02/11/2023 17:06:04    /orderdetails.asp    dave    Enter: pn=89752
02/11/2023 17:06:20    /orderdetails.asp    dave    Exit
02/11/2023 17:08:12    /editcust.asp    dave    Enter: No. of query params=1
02/11/2023 17:08:12    /editcust.asp    dave    Enter: val=334993
02/11/2023 17:08:14    /editcust.asp    dave    Exit
02/11/2023 17:08:24    /editcust2.asp    dave    Enter: No. of query params=1
02/11/2023 17:08:24    /editcust2.asp    dave    Enter: val=334993
02/11/2023 17:08:26    /editcust2.asp    dave    Exit
02/11/2023 17:08:38    /editcust.asp    dave    Enter: No. of query params=0
09/11/2023 16:43:34    /editcust.asp    dave    Enter: No. of query params=1
09/11/2023 16:43:34    /editcust.asp    dave    Enter: val=334993
09/11/2023 16:43:35    /editcust.asp    dave    Exit
09/11/2023 16:43:42    /editcust2.asp    dave    Enter: No. of query params=1
09/11/2023 16:43:42    /editcust2.asp    dave    Enter: val=334993
09/11/2023 16:43:43    /editcust2.asp    dave    Exit
09/11/2023 16:44:11    /editcust.asp    dave    Enter: No. of query params=0
15/11/2023 15:53:34    /editcust.asp    dave    Enter: No. of query params=1
15/11/2023 15:53:34    /editcust.asp    dave    Enter: val=334993
15/11/2023 15:53:35    /editcust.asp    dave    Exit
15/11/2023 15:53:41    /editcust2.asp    dave    Enter: No. of query params=1
15/11/2023 15:53:41    /editcust2.asp    dave    Enter: val=334993
15/11/2023 15:53:42    /editcust2.asp    dave    Exit
15/11/2023 15:53:51    /editcust.asp    dave    Enter: No. of query params=0
22/11/2023 08:17:59    /editcust.asp    dave    Enter: No. of query params=1
22/11/2023 08:17:59    /editcust.asp    dave    Enter: val=334993
22/11/2023 08:18:00    /editcust.asp    dave    Exit
22/11/2023 08:18:15    /editcust.asp    dave    Enter: No. of query params=0
22/11/2023 08:18:15    /add-order.asp    dave    Enter: No. of query params=4
22/11/2023 08:18:15    /add-order.asp    dave    Enter: contact_no=334993
22/11/2023 08:18:15    /add-order.asp    dave    Enter: e1=y
22/11/2023 08:18:15    /add-order.asp    dave    Enter: quote=n
22/11/2023 08:18:15    /add-order.asp    dave    Enter: ordersource=Client Retail
22/11/2023 08:18:15    /add-order.asp    dave    Exit
22/11/2023 08:18:50    /order-added.asp    dave    Enter: No. of query params=0
22/11/2023 08:18:50    /order-added.asp    dave    Exit
22/11/2023 08:20:20    /add-order.asp    dave    Enter: No. of query params=4
22/11/2023 08:20:20    /add-order.asp    dave    Enter: contact_no=334993
22/11/2023 08:20:20    /add-order.asp    dave    Enter: e1=y
22/11/2023 08:20:20    /add-order.asp    dave    Enter: quote=n
22/11/2023 08:20:20    /add-order.asp    dave    Enter: ordersource=Client Retail
22/11/2023 08:22:25    /editcust.asp    dave    Enter: No. of query params=0
22/11/2023 08:22:26    /add-order.asp    dave    Enter: No. of query params=4
22/11/2023 08:22:26    /add-order.asp    dave    Enter: contact_no=334993
22/11/2023 08:22:26    /add-order.asp    dave    Enter: e1=y
22/11/2023 08:22:26    /add-order.asp    dave    Enter: quote=n
22/11/2023 08:22:26    /add-order.asp    dave    Enter: ordersource=Client Retail
22/11/2023 08:22:26    /add-order.asp    dave    Exit
22/11/2023 08:22:41    /order-added.asp    dave    Enter: No. of query params=0
22/11/2023 08:22:41    /order-added.asp    dave    Exit
22/11/2023 08:23:03    /add-order.asp    dave    Enter: No. of query params=4
22/11/2023 08:23:03    /add-order.asp    dave    Enter: contact_no=334993
22/11/2023 08:23:03    /add-order.asp    dave    Enter: e1=y
22/11/2023 08:23:03    /add-order.asp    dave    Enter: quote=n
22/11/2023 08:23:03    /add-order.asp    dave    Enter: ordersource=Client Retail
22/11/2023 08:43:34    /editcust.asp    dave    Enter: No. of query params=1
22/11/2023 08:43:34    /editcust.asp    dave    Enter: val=334993
22/11/2023 08:43:34    /editcust.asp    dave    Exit
22/11/2023 08:43:46    /editcust.asp    dave    Enter: No. of query params=0
22/11/2023 08:43:46    /add-order.asp    dave    Enter: No. of query params=4
22/11/2023 08:43:46    /add-order.asp    dave    Enter: contact_no=334993
22/11/2023 08:43:46    /add-order.asp    dave    Enter: e1=y
22/11/2023 08:43:46    /add-order.asp    dave    Enter: quote=n
22/11/2023 08:43:46    /add-order.asp    dave    Enter: ordersource=Client Retail
22/11/2023 08:43:46    /add-order.asp    dave    Exit
22/11/2023 08:44:04    /order-added.asp    dave    Enter: No. of query params=0
22/11/2023 08:44:04    /order-added.asp    dave    Exit
22/11/2023 08:44:20    /add-order.asp    dave    Enter: No. of query params=4
22/11/2023 08:44:20    /add-order.asp    dave    Enter: contact_no=334993
22/11/2023 08:44:20    /add-order.asp    dave    Enter: e1=y
22/11/2023 08:44:20    /add-order.asp    dave    Enter: quote=n
22/11/2023 08:44:20    /add-order.asp    dave    Enter: ordersource=Client Retail
22/11/2023 08:44:21    /add-order.asp    dave    Exit
22/11/2023 08:44:28    /order-added.asp    dave    Enter: No. of query params=0
22/11/2023 08:44:28    /order-added.asp    dave    Exit
22/11/2023 08:44:33    /add-order.asp    dave    Enter: No. of query params=4
22/11/2023 08:44:33    /add-order.asp    dave    Enter: contact_no=334993
22/11/2023 08:44:33    /add-order.asp    dave    Enter: e1=y
22/11/2023 08:44:33    /add-order.asp    dave    Enter: quote=n
22/11/2023 08:44:33    /add-order.asp    dave    Enter: ordersource=Client Retail
22/11/2023 08:44:33    /add-order.asp    dave    Exit
22/11/2023 08:44:45    /order-added.asp    dave    Enter: No. of query params=0
22/11/2023 08:44:45    /order-added.asp    dave    Exit
22/11/2023 08:44:52    /order-added.asp    dave    Enter: No. of query params=0
22/11/2023 08:45:14    /ordercomplete.asp    dave    Enter: No. of query params=1
22/11/2023 08:45:14    /ordercomplete.asp    dave    Enter: val=89800
22/11/2023 08:45:14    /ordercomplete.asp    dave    Exit
22/11/2023 08:45:18    /editcust.asp    dave    Enter: No. of query params=0
22/11/2023 08:45:20    /editcust.asp    dave    Exit
22/11/2023 08:45:28    /edit-purchase.asp    dave    Enter: No. of query params=1
22/11/2023 08:45:28    /edit-purchase.asp    dave    Enter: order=89800
22/11/2023 08:45:29    /edit-purchase.asp    dave    Exit
05/12/2023 16:58:11    /container-details1.asp    dave    Enter: No. of query params=1
05/12/2023 16:58:11    /container-details1.asp    dave    Enter: id=1292
05/12/2023 16:58:14    /container-details1.asp    dave    Exit
05/12/2023 17:07:05    /container-details1.asp    dave    Enter: No. of query params=1
05/12/2023 17:07:05    /container-details1.asp    dave    Enter: id=1292
05/12/2023 17:07:08    /container-details1.asp    dave    Exit
05/12/2023 17:20:08    /orderdetails.asp    dave    Enter: No. of query params=1
05/12/2023 17:20:08    /orderdetails.asp    dave    Enter: pn=69322
05/12/2023 17:20:11    /orderdetails.asp    dave    Exit
07/12/2023 16:48:03    /editcust.asp    dave    Enter: No. of query params=1
07/12/2023 16:48:03    /editcust.asp    dave    Enter: val=345423
07/12/2023 16:48:04    /editcust.asp    dave    Exit
07/12/2023 16:48:10    /edit-purchase.asp    dave    Enter: No. of query params=2
07/12/2023 16:48:10    /edit-purchase.asp    dave    Enter: readonly=y
07/12/2023 16:48:10    /edit-purchase.asp    dave    Enter: order=80332
07/12/2023 16:48:11    /edit-purchase.asp    dave    Exit
07/12/2023 16:48:23    /orderdetails.asp    dave    Enter: No. of query params=1
07/12/2023 16:48:23    /orderdetails.asp    dave    Enter: pn=80332
07/12/2023 16:48:24    /orderdetails.asp    dave    Exit
07/12/2023 16:48:44    /editcust.asp    dave    Enter: No. of query params=1
07/12/2023 16:48:44    /editcust.asp    dave    Enter: val=321880
07/12/2023 16:48:45    /editcust.asp    dave    Exit
07/12/2023 16:48:57    /editcust.asp    dave    Enter: No. of query params=0
07/12/2023 16:48:57    /add-order.asp    dave    Enter: No. of query params=4
07/12/2023 16:48:57    /add-order.asp    dave    Enter: contact_no=321880
07/12/2023 16:48:57    /add-order.asp    dave    Enter: e1=y
07/12/2023 16:48:57    /add-order.asp    dave    Enter: quote=n
07/12/2023 16:48:57    /add-order.asp    dave    Enter: ordersource=Client Retail
07/12/2023 16:48:57    /add-order.asp    dave    Exit
07/12/2023 17:07:21    /editcust.asp    dave    Enter: No. of query params=1
07/12/2023 17:07:21    /editcust.asp    dave    Enter: val=349001
07/12/2023 17:07:22    /editcust.asp    dave    Exit
07/12/2023 17:07:42    /editcust.asp    dave    Enter: No. of query params=0
07/12/2023 17:07:42    /add-order.asp    dave    Enter: No. of query params=4
07/12/2023 17:07:42    /add-order.asp    dave    Enter: contact_no=349001
07/12/2023 17:07:42    /add-order.asp    dave    Enter: e1=y
07/12/2023 17:07:42    /add-order.asp    dave    Enter: quote=n
07/12/2023 17:07:42    /add-order.asp    dave    Enter: ordersource=Client Retail
07/12/2023 17:07:42    /add-order.asp    dave    Exit
07/12/2023 17:08:38    /editcust.asp    dave    Enter: No. of query params=1
07/12/2023 17:08:38    /editcust.asp    dave    Enter: val=334993
07/12/2023 17:08:39    /editcust.asp    dave    Exit
07/12/2023 17:08:43    /editcust.asp    dave    Enter: No. of query params=1
07/12/2023 17:08:43    /editcust.asp    dave    Enter: val=334993
07/12/2023 17:08:45    /editcust.asp    dave    Exit
07/12/2023 17:08:46    /editcust.asp    dave    Enter: No. of query params=1
07/12/2023 17:08:46    /editcust.asp    dave    Enter: val=334993
07/12/2023 17:08:47    /editcust.asp    dave    Exit
07/12/2023 17:08:57    /editcust.asp    dave    Enter: No. of query params=0
07/12/2023 17:08:57    /add-order.asp    dave    Enter: No. of query params=4
07/12/2023 17:08:57    /add-order.asp    dave    Enter: contact_no=334993
07/12/2023 17:08:57    /add-order.asp    dave    Enter: e1=y
07/12/2023 17:08:57    /add-order.asp    dave    Enter: quote=n
07/12/2023 17:08:57    /add-order.asp    dave    Enter: ordersource=Client Retail
07/12/2023 17:08:58    /add-order.asp    dave    Exit
10/12/2023 09:52:02    /editcust.asp    dave    Enter: No. of query params=1
10/12/2023 09:52:02    /editcust.asp    dave    Enter: val=334993
10/12/2023 09:52:03    /editcust.asp    dave    Exit
13/12/2023 17:30:16    /editcust.asp    dave    Enter: No. of query params=1
13/12/2023 17:30:16    /editcust.asp    dave    Enter: val=334993
13/12/2023 17:30:17    /editcust.asp    dave    Exit
13/12/2023 17:30:25    /editcust.asp    dave    Enter: No. of query params=0
13/12/2023 17:30:25    /add-order.asp    dave    Enter: No. of query params=4
13/12/2023 17:30:25    /add-order.asp    dave    Enter: contact_no=334993
13/12/2023 17:30:25    /add-order.asp    dave    Enter: e1=y
13/12/2023 17:30:25    /add-order.asp    dave    Enter: quote=n
13/12/2023 17:30:25    /add-order.asp    dave    Enter: ordersource=Test
13/12/2023 17:30:25    /add-order.asp    dave    Exit
13/12/2023 17:30:38    /editcust.asp    dave    Enter: No. of query params=1
13/12/2023 17:30:38    /editcust.asp    dave    Enter: val=334993
13/12/2023 17:30:39    /editcust.asp    dave    Exit
13/12/2023 17:30:43    /edit-purchase.asp    dave    Enter: No. of query params=2
13/12/2023 17:30:43    /edit-purchase.asp    dave    Enter: quote=y
13/12/2023 17:30:43    /edit-purchase.asp    dave    Enter: order=89802
13/12/2023 17:30:43    /edit-purchase.asp    dave    Exit
13/12/2023 17:54:42    /edit-purchase.asp    dave    Enter: No. of query params=2
13/12/2023 17:54:42    /edit-purchase.asp    dave    Enter: quote=y
13/12/2023 17:54:42    /edit-purchase.asp    dave    Enter: order=89802
13/12/2023 17:54:43    /edit-purchase.asp    dave    Exit
03/01/2024 17:40:33    /orderdetails.asp    dave    Enter: No. of query params=1
03/01/2024 17:40:33    /orderdetails.asp    dave    Enter: pn=89752
03/01/2024 17:40:36    /orderdetails.asp    dave    Exit
03/01/2024 17:40:42    /orderdetails.asp    dave    Enter: No. of query params=1
03/01/2024 17:40:42    /orderdetails.asp    dave    Enter: pn=89752
03/01/2024 17:40:45    /orderdetails.asp    dave    Exit
03/01/2024 17:41:09    /editcust.asp    dave    Enter: No. of query params=1
03/01/2024 17:41:09    /editcust.asp    dave    Enter: val=334993
03/01/2024 17:41:11    /editcust.asp    dave    Exit
03/01/2024 17:41:17    /editcust2.asp    dave    Enter: No. of query params=1
03/01/2024 17:41:17    /editcust2.asp    dave    Enter: val=334993
03/01/2024 17:41:17    /editcust2.asp    dave    Exit
03/01/2024 17:41:33    /editcust.asp    dave    Enter: No. of query params=0
10/01/2024 17:07:21    /editcust.asp    dave    Enter: No. of query params=1
10/01/2024 17:07:21    /editcust.asp    dave    Enter: val=361613
10/01/2024 17:07:22    /editcust.asp    dave    Exit
11/01/2024 09:09:51    /editcust.asp    dave    Enter: No. of query params=1
11/01/2024 09:09:51    /editcust.asp    dave    Enter: val=334993
11/01/2024 09:09:52    /editcust.asp    dave    Exit
11/01/2024 09:09:57    /editcust2.asp    dave    Enter: No. of query params=1
11/01/2024 09:09:57    /editcust2.asp    dave    Enter: val=334993
11/01/2024 09:09:58    /editcust2.asp    dave    Exit
11/01/2024 09:10:16    /editcust.asp    dave    Enter: No. of query params=0
14/01/2024 14:26:04    /editcust.asp    dave    Enter: No. of query params=1
14/01/2024 14:26:04    /editcust.asp    dave    Enter: val=334993
14/01/2024 14:26:05    /editcust.asp    dave    Exit
14/01/2024 14:26:12    /editcust2.asp    dave    Enter: No. of query params=1
14/01/2024 14:26:12    /editcust2.asp    dave    Enter: val=334993
14/01/2024 14:26:12    /editcust2.asp    dave    Exit
14/01/2024 14:26:52    /editcust.asp    dave    Enter: No. of query params=0
14/01/2024 15:40:42    /editcust2.asp    dave    Enter: No. of query params=1
14/01/2024 15:40:42    /editcust2.asp    dave    Enter: val=334993
14/01/2024 15:40:43    /editcust2.asp    dave    Exit
14/01/2024 15:40:57    /editcust.asp    dave    Enter: No. of query params=0
14/01/2024 16:40:22    /editcust2.asp    dave    Enter: No. of query params=1
14/01/2024 16:40:22    /editcust2.asp    dave    Enter: val=334993
14/01/2024 16:40:23    /editcust2.asp    dave    Exit
14/01/2024 16:40:35    /editcust.asp    dave    Enter: No. of query params=0
14/01/2024 18:24:04    /editcust2.asp    dave    Enter: No. of query params=1
14/01/2024 18:24:04    /editcust2.asp    dave    Enter: val=334993
14/01/2024 18:24:04    /editcust2.asp    dave    Exit
14/01/2024 18:24:14    /editcust.asp    dave    Enter: No. of query params=0
15/01/2024 17:21:00    /editcust2.asp    dave    Enter: No. of query params=1
15/01/2024 17:21:00    /editcust2.asp    dave    Enter: val=334993
15/01/2024 17:21:01    /editcust2.asp    dave    Exit
15/01/2024 17:21:08    /editcust.asp    dave    Enter: No. of query params=0
20/02/2024 16:53:59    /editcust.asp    dave    Enter: No. of query params=1
20/02/2024 16:53:59    /editcust.asp    dave    Enter: val=361619
20/02/2024 16:53:59    /editcust.asp    dave    Exit
