06/10/2023 09:25:42    login.asp        d.bushnell successfully logged on
06/10/2023 09:50:08    login.asp        d.bushnell successfully logged on
06/10/2023 10:11:37    login.asp        maddy successfully logged on
06/10/2023 10:36:51    login.asp        maddy successfully logged on
06/10/2023 10:58:56    login.asp        maddy successfully logged on
06/10/2023 11:32:35    login.asp        d.bushnell successfully logged on
06/10/2023 12:52:48    login.asp        d.bushnell failed to logon
06/10/2023 12:53:00    login.asp        d.bushnell successfully logged on
06/10/2023 12:56:03    login.asp        d.bushnell successfully logged on
06/10/2023 13:21:34    login.asp        maddy successfully logged on
06/10/2023 13:45:47    login.asp        maddy successfully logged on
06/10/2023 14:29:16    login.asp        d.bushnell successfully logged on
06/10/2023 14:42:46    login.asp        d.bushnell successfully logged on
06/10/2023 15:12:07    login.asp        maddy successfully logged on
06/10/2023 15:14:28    login.asp        maddy successfully logged on
06/10/2023 15:16:40    login.asp        maddy successfully logged on
06/10/2023 15:26:21    login.asp        d.bushnell successfully logged on
07/10/2023 16:09:47    login.asp        maddy successfully logged on
09/10/2023 07:50:19    login.asp        d.bushnell successfully logged on
09/10/2023 12:46:48    login.asp        maddy successfully logged on
09/10/2023 13:13:53    login.asp        s.jaff successfully logged on
09/10/2023 13:43:41    login.asp        maddy successfully logged on
09/10/2023 13:44:25    login.asp        maddy successfully logged on
09/10/2023 13:57:06    login.asp        maddy successfully logged on
09/10/2023 14:06:25    login.asp        maddy successfully logged on
09/10/2023 14:18:18    login.asp        maddy successfully logged on
09/10/2023 14:31:09    login.asp        maddy successfully logged on
09/10/2023 14:52:18    login.asp        maddy successfully logged on
09/10/2023 15:29:31    login.asp        maddy successfully logged on
10/10/2023 09:17:50    login.asp        maddy successfully logged on
10/10/2023 11:31:26    login.asp        s.jaff successfully logged on
10/10/2023 11:46:52    login.asp        d.adkins successfully logged on
10/10/2023 11:47:04    login.asp        d.adkins successfully logged on
10/10/2023 14:03:11    login.asp        d.adkins successfully logged on
10/10/2023 15:14:52    login.asp        maddy successfully logged on
11/10/2023 08:09:29    login.asp        d.adkins successfully logged on
11/10/2023 10:58:07    login.asp        maddy successfully logged on
11/10/2023 14:17:07    login.asp        maddy successfully logged on
12/10/2023 11:08:29    login.asp        maddy successfully logged on
12/10/2023 13:39:59    login.asp        maddy successfully logged on
12/10/2023 14:40:42    login.asp        maddy successfully logged on
12/10/2023 15:37:56    login.asp        maddy successfully logged on
13/10/2023 09:10:25    login.asp        maddy successfully logged on
13/10/2023 09:43:01    login.asp        maddy successfully logged on
13/10/2023 10:44:02    login.asp        maddy successfully logged on
13/10/2023 11:16:38    login.asp        maddy successfully logged on
13/10/2023 12:55:15    login.asp        maddy successfully logged on
13/10/2023 15:29:31    login.asp        d.bushnell successfully logged on
13/10/2023 15:32:40    login.asp        d.bushnell successfully logged on
16/10/2023 09:19:29    login.asp        maddy successfully logged on
16/10/2023 09:39:11    login.asp        d.adkins failed to logon
16/10/2023 09:39:18    login.asp        d.adkins successfully logged on
16/10/2023 10:25:06    login.asp        maddy successfully logged on
16/10/2023 11:48:28    login.asp        d.adkins successfully logged on
16/10/2023 13:34:06    login.asp        maddy successfully logged on
17/10/2023 13:39:33    login.asp        maddy successfully logged on
17/10/2023 14:33:22    login.asp        maddy successfully logged on
17/10/2023 14:45:40    login.asp        maddy successfully logged on
18/10/2023 10:13:30    login.asp        maddy successfully logged on
18/10/2023 10:27:11    login.asp        maddy successfully logged on
18/10/2023 12:49:55    login.asp        d.adkins successfully logged on
18/10/2023 13:35:08    login.asp        maddy successfully logged on
18/10/2023 14:22:41    login.asp        maddy successfully logged on
18/10/2023 14:57:48    login.asp        d.bushnell successfully logged on
18/10/2023 15:23:20    login.asp        maddy successfully logged on
18/10/2023 16:05:25    login.asp        maddy successfully logged on
18/10/2023 16:42:05    login.asp        maddy successfully logged on
19/10/2023 10:00:44    login.asp        maddy successfully logged on
19/10/2023 13:23:55    login.asp        maddy successfully logged on
19/10/2023 13:38:38    login.asp        d.adkins successfully logged on
19/10/2023 15:19:09    login.asp        maddy successfully logged on
19/10/2023 15:32:39    login.asp        d.bushnell successfully logged on
19/10/2023 16:16:09    login.asp        maddy successfully logged on
20/10/2023 10:20:43    login.asp        maddy successfully logged on
20/10/2023 10:37:23    login.asp        d.bushnell successfully logged on
20/10/2023 11:42:16    login.asp        d.bushnell successfully logged on
23/10/2023 10:31:23    login.asp        maddy successfully logged on
23/10/2023 10:32:27    login.asp        maddy successfully logged on
23/10/2023 14:33:29    login.asp        maddy successfully logged on
23/10/2023 15:24:47    login.asp        maddy successfully logged on
23/10/2023 15:50:13    login.asp        maddy successfully logged on
23/10/2023 16:25:32    login.asp        maddy successfully logged on
23/10/2023 17:32:35    login.asp        maddy successfully logged on
23/10/2023 17:35:53    login.asp        maddy successfully logged on
24/10/2023 13:14:36    login.asp        maddy successfully logged on
26/10/2023 11:26:39    login.asp        maddy successfully logged on
26/10/2023 15:52:24    login.asp        maddy successfully logged on
27/10/2023 08:25:53    login.asp        maddy successfully logged on
27/10/2023 09:06:26    login.asp        maddy successfully logged on
27/10/2023 14:47:29    login.asp        d.bushnell successfully logged on
27/10/2023 14:54:09    login.asp        maddy successfully logged on
31/10/2023 10:26:43    login.asp        a.thornton not in DB
31/10/2023 10:27:08    login.asp        a.thornton not in DB
31/10/2023 10:32:59    login.asp        a.thornton not in DB
31/10/2023 10:33:06    login.asp        a.thornton not in DB
31/10/2023 10:33:34    login.asp        a.thornton not in DB
31/10/2023 11:19:54    login.asp        a.thornton not in DB
31/10/2023 12:20:08    login.asp        maddy successfully logged on
31/10/2023 12:35:57    login.asp        a.thornton not in DB
31/10/2023 12:41:53    login.asp        maddy successfully logged on
31/10/2023 13:01:11    login.asp        maddy successfully logged on
31/10/2023 13:07:39    login.asp        maddy successfully logged on
31/10/2023 13:31:50    login.asp        maddy successfully logged on
01/11/2023 10:15:44    login.asp        maddy successfully logged on
01/11/2023 17:31:28    login.asp        maddy successfully logged on
01/11/2023 17:45:02    login.asp        dave successfully logged on
01/11/2023 17:46:28    login.asp        maddy successfully logged on
01/11/2023 17:46:50    login.asp        dave successfully logged on
01/11/2023 17:47:37    login.asp        dave successfully logged on
01/11/2023 17:50:43    login.asp        dave successfully logged on
01/11/2023 17:50:59    login.asp        maddy successfully logged on
01/11/2023 17:51:44    login.asp        maddy successfully logged on
01/11/2023 17:53:09    login.asp        maddy successfully logged on
01/11/2023 17:54:33    login.asp        dave successfully logged on
01/11/2023 17:55:14    login.asp        maddy successfully logged on
01/11/2023 18:05:17    login.asp        dave successfully logged on
01/11/2023 18:07:23    login.asp        dave successfully logged on
01/11/2023 18:07:36    login.asp        maddy successfully logged on
02/11/2023 07:24:40    login.asp        dave successfully logged on
02/11/2023 07:26:24    login.asp        maddy successfully logged on
02/11/2023 07:34:41    login.asp        dave successfully logged on
02/11/2023 07:35:35    login.asp        maddy successfully logged on
02/11/2023 07:36:14    login.asp        maddy successfully logged on
02/11/2023 07:36:52    login.asp        dave successfully logged on
02/11/2023 07:37:05    login.asp        dave successfully logged on
02/11/2023 07:37:33    login.asp        dave successfully logged on
02/11/2023 07:37:47    login.asp        maddy successfully logged on
02/11/2023 07:38:03    login.asp        maddy successfully logged on
02/11/2023 07:38:24    login.asp        maddy successfully logged on
02/11/2023 07:46:18    login.asp        maddy successfully logged on
02/11/2023 07:46:38    login.asp        maddy successfully logged on
02/11/2023 13:23:15    login.asp        maddy successfully logged on
02/11/2023 15:23:12    login.asp        d.bushnell successfully logged on
02/11/2023 15:43:58    login.asp        maddy successfully logged on
02/11/2023 17:06:03    login.asp        dave successfully logged on
02/11/2023 17:39:39    login.asp        dave successfully logged on
02/11/2023 17:40:07    login.asp        maddy successfully logged on
02/11/2023 17:55:35    login.asp        dave successfully logged on
02/11/2023 17:55:56    login.asp        dave successfully logged on
02/11/2023 17:56:16    login.asp        maddy successfully logged on
02/11/2023 18:04:31    login.asp        dave successfully logged on
02/11/2023 18:04:51    login.asp        maddy successfully logged on
02/11/2023 18:06:58    login.asp        dave successfully logged on
02/11/2023 18:09:51    login.asp        dave successfully logged on
02/11/2023 18:15:49    login.asp        dave successfully logged on
02/11/2023 18:16:11    login.asp        maddy successfully logged on
02/11/2023 18:18:52    login.asp        dave successfully logged on
02/11/2023 18:21:26    login.asp        dave successfully logged on
02/11/2023 18:22:53    login.asp        dave successfully logged on
02/11/2023 18:23:05    login.asp        maddy successfully logged on
02/11/2023 18:23:18    login.asp        dave successfully logged on
02/11/2023 18:23:47    login.asp        maddy successfully logged on
02/11/2023 18:24:00    login.asp        dave successfully logged on
02/11/2023 18:24:14    login.asp        maddy successfully logged on
02/11/2023 18:24:26    login.asp        dave successfully logged on
03/11/2023 08:36:12    login.asp        d.bushnell successfully logged on
05/11/2023 16:22:53    login.asp        dave successfully logged on
06/11/2023 08:57:24    login.asp        maddy successfully logged on
06/11/2023 10:10:39    login.asp        maddy successfully logged on
06/11/2023 15:16:14    login.asp        maddy successfully logged on
06/11/2023 15:58:22    login.asp        maddy successfully logged on
06/11/2023 16:37:03    login.asp        dave successfully logged on
07/11/2023 14:47:16    login.asp        dave successfully logged on
07/11/2023 15:55:42    login.asp        dave successfully logged on
07/11/2023 16:25:54    login.asp        maddy successfully logged on
07/11/2023 17:04:57    login.asp        maddy successfully logged on
09/11/2023 08:23:39    login.asp        maddy successfully logged on
09/11/2023 09:41:52    login.asp        maddy successfully logged on
09/11/2023 12:46:28    login.asp        maddy successfully logged on
09/11/2023 16:43:18    login.asp        dave successfully logged on
10/11/2023 12:57:45    login.asp        maddy successfully logged on
10/11/2023 14:00:25    login.asp        maddy successfully logged on
10/11/2023 14:37:23    login.asp        maddy successfully logged on
10/11/2023 15:20:20    login.asp        maddy successfully logged on
10/11/2023 15:41:11    login.asp        maddy successfully logged on
13/11/2023 12:57:28    login.asp        maddy successfully logged on
13/11/2023 13:41:02    login.asp        d.adkins successfully logged on
14/11/2023 09:51:53    login.asp        maddy successfully logged on
14/11/2023 10:50:42    login.asp        maddy successfully logged on
14/11/2023 12:31:50    login.asp        d.adkins successfully logged on
14/11/2023 12:56:49    login.asp        maddy successfully logged on
14/11/2023 16:05:27    login.asp        maddy successfully logged on
14/11/2023 17:49:27    login.asp        maddy successfully logged on
15/11/2023 08:27:59    login.asp        maddy successfully logged on
15/11/2023 08:48:46    login.asp        d.adkins successfully logged on
15/11/2023 08:54:28    login.asp        maddy successfully logged on
15/11/2023 09:04:50    login.asp        d.adkins successfully logged on
15/11/2023 09:18:14    login.asp        d.adkins successfully logged on
15/11/2023 09:23:16    login.asp        dave successfully logged on
15/11/2023 09:30:13    login.asp        maddy successfully logged on
15/11/2023 09:49:23    login.asp        maddy successfully logged on
15/11/2023 11:17:11    login.asp        d.adkins successfully logged on
15/11/2023 12:19:02    login.asp        maddy successfully logged on
15/11/2023 13:04:49    login.asp        maddy successfully logged on
15/11/2023 13:30:07    login.asp        maddy successfully logged on
15/11/2023 15:21:57    login.asp        maddy successfully logged on
15/11/2023 15:53:16    login.asp        dave successfully logged on
15/11/2023 17:22:04    login.asp        dave successfully logged on
16/11/2023 08:34:43    login.asp        d.adkins successfully logged on
16/11/2023 09:04:48    login.asp        maddy successfully logged on
16/11/2023 09:37:57    login.asp        jamie.newyork failed to logon
16/11/2023 09:38:05    login.asp        maddy successfully logged on
16/11/2023 10:07:38    login.asp        maddy successfully logged on
16/11/2023 15:24:16    login.asp        maddy successfully logged on
17/11/2023 09:32:56    login.asp        maddy successfully logged on
17/11/2023 14:16:25    login.asp        maddy successfully logged on
18/11/2023 14:50:33    login.asp        maddy successfully logged on
19/11/2023 11:30:48    login.asp        dave successfully logged on
19/11/2023 11:32:36    login.asp        maddy successfully logged on
19/11/2023 13:50:22    login.asp        maddy successfully logged on
19/11/2023 15:27:20    login.asp        maddy successfully logged on
19/11/2023 16:31:57    login.asp        maddy successfully logged on
20/11/2023 09:46:34    login.asp        d.adkins successfully logged on
20/11/2023 11:13:20    login.asp        d.adkins successfully logged on
20/11/2023 13:04:24    login.asp        maddy successfully logged on
20/11/2023 16:22:45    login.asp        dave successfully logged on
21/11/2023 09:38:39    login.asp        maddy successfully logged on
21/11/2023 10:21:14    login.asp        maddy successfully logged on
21/11/2023 12:33:09    login.asp        maddy successfully logged on
21/11/2023 15:44:10    login.asp        maddy successfully logged on
21/11/2023 16:12:32    login.asp        dave successfully logged on
22/11/2023 08:17:22    login.asp        dave successfully logged on
22/11/2023 08:43:34    login.asp        dave successfully logged on
22/11/2023 08:46:20    login.asp        jamie.newyork failed to logon
22/11/2023 08:46:33    login.asp        maddy successfully logged on
22/11/2023 08:57:13    login.asp        maddy successfully logged on
23/11/2023 10:26:15    login.asp        maddy successfully logged on
24/11/2023 09:27:37    login.asp        maddy successfully logged on
24/11/2023 09:49:58    login.asp        d.adkins successfully logged on
24/11/2023 10:01:22    login.asp        p.velinor successfully logged on
24/11/2023 10:33:18    login.asp        maddy successfully logged on
24/11/2023 10:57:55    login.asp        maddy successfully logged on
24/11/2023 11:51:08    login.asp        p.velinor successfully logged on
24/11/2023 12:14:13    login.asp        p.velinor successfully logged on
24/11/2023 13:00:57    login.asp        maddy successfully logged on
24/11/2023 13:18:09    login.asp        p.velinor successfully logged on
24/11/2023 13:37:55    login.asp        d.adkins successfully logged on
24/11/2023 14:26:30    login.asp        maddy successfully logged on
27/11/2023 09:59:45    login.asp        maddy successfully logged on
27/11/2023 10:53:24    login.asp        maddy successfully logged on
27/11/2023 14:02:37    login.asp        maddy successfully logged on
27/11/2023 16:36:55    login.asp        maddy successfully logged on
27/11/2023 17:36:55    login.asp        dave successfully logged on
28/11/2023 08:48:33    login.asp        maddy successfully logged on
28/11/2023 10:28:26    login.asp        maddy successfully logged on
28/11/2023 10:55:28    login.asp        maddy successfully logged on
28/11/2023 12:49:25    login.asp        maddy successfully logged on
28/11/2023 13:08:50    login.asp        maddy successfully logged on
28/11/2023 13:32:54    login.asp        maddy successfully logged on
28/11/2023 14:10:28    login.asp        maddy successfully logged on
28/11/2023 14:53:43    login.asp        maddy successfully logged on
28/11/2023 15:44:33    login.asp        maddy successfully logged on
29/11/2023 09:50:35    login.asp        maddy successfully logged on
29/11/2023 13:39:13    login.asp        maddy successfully logged on
29/11/2023 14:32:41    login.asp        maddy successfully logged on
30/11/2023 10:49:21    login.asp        maddy successfully logged on
30/11/2023 15:01:04    login.asp        maddy successfully logged on
30/11/2023 16:32:25    login.asp        dave successfully logged on
30/11/2023 17:42:43    login.asp        dave successfully logged on
01/12/2023 08:15:41    login.asp        maddy successfully logged on
01/12/2023 10:07:17    login.asp        maddy successfully logged on
01/12/2023 10:41:26    login.asp        maddy successfully logged on
01/12/2023 10:49:07    login.asp        d.adkins successfully logged on
01/12/2023 11:14:49    login.asp        g.riche failed to logon
01/12/2023 15:51:58    login.asp        maddy successfully logged on
03/12/2023 14:48:03    login.asp        dave successfully logged on
03/12/2023 16:47:12    login.asp        dave successfully logged on
04/12/2023 08:51:15    login.asp        maddy successfully logged on
04/12/2023 13:25:38    login.asp        maddy successfully logged on
04/12/2023 13:58:02    login.asp        maddy successfully logged on
04/12/2023 14:25:13    login.asp        maddy successfully logged on
04/12/2023 16:15:44    login.asp        maddy successfully logged on
05/12/2023 09:12:10    login.asp        maddy successfully logged on
05/12/2023 10:53:58    login.asp        maddy successfully logged on
05/12/2023 15:53:31    login.asp        maddy successfully logged on
05/12/2023 16:30:32    login.asp        maddy successfully logged on
05/12/2023 16:53:44    login.asp        dave successfully logged on
06/12/2023 07:59:00    login.asp        n.alexandre not in DB
06/12/2023 07:59:06    login.asp        n.alexandre not in DB
06/12/2023 07:59:10    login.asp        n.alexandre not in DB
06/12/2023 07:59:13    login.asp        n.alexandre not in DB
06/12/2023 07:59:16    login.asp        n.alexandre not in DB
06/12/2023 09:28:39    login.asp        maddy successfully logged on
06/12/2023 10:02:32    login.asp        maddy successfully logged on
06/12/2023 15:25:21    login.asp        maddy successfully logged on
07/12/2023 16:47:10    login.asp        dave successfully logged on
07/12/2023 17:06:57    login.asp        dave successfully logged on
07/12/2023 17:08:19    login.asp        dave successfully logged on
08/12/2023 09:32:01    login.asp        maddy successfully logged on
08/12/2023 10:00:13    login.asp        maddy successfully logged on
08/12/2023 11:05:07    login.asp        maddy successfully logged on
08/12/2023 13:36:24    login.asp        maddy successfully logged on
08/12/2023 14:06:30    login.asp        maddy successfully logged on
10/12/2023 09:51:25    login.asp        dave successfully logged on
10/12/2023 09:52:34    login.asp        dave successfully logged on
10/12/2023 09:59:27    login.asp        dave successfully logged on
10/12/2023 10:00:09    login.asp        maddy successfully logged on
10/12/2023 10:00:46    login.asp        maddy successfully logged on
11/12/2023 06:45:29    login.asp        maddy successfully logged on
11/12/2023 06:46:44    login.asp        maddy successfully logged on
12/12/2023 16:48:49    login.asp        dave successfully logged on
12/12/2023 18:24:11    login.asp        dave successfully logged on
13/12/2023 09:20:58    login.asp        maddy successfully logged on
13/12/2023 09:36:24    login.asp        maddy successfully logged on
13/12/2023 10:12:08    login.asp        maddy successfully logged on
13/12/2023 13:10:55    login.asp        maddy successfully logged on
13/12/2023 15:31:36    login.asp        maddy successfully logged on
13/12/2023 17:12:20    login.asp        dave successfully logged on
14/12/2023 15:27:35    login.asp        maddy successfully logged on
14/12/2023 16:08:57    login.asp        maddy successfully logged on
14/12/2023 16:41:22    login.asp        maddy successfully logged on
15/12/2023 07:33:17    login.asp        dave successfully logged on
15/12/2023 10:05:27    login.asp        maddy successfully logged on
15/12/2023 14:15:07    login.asp        d.bushnell successfully logged on
15/12/2023 14:36:24    login.asp        d.bushnell successfully logged on
18/12/2023 11:39:46    login.asp        maddy successfully logged on
18/12/2023 12:17:13    login.asp        maddy successfully logged on
18/12/2023 14:33:14    login.asp        maddy successfully logged on
18/12/2023 14:34:07    login.asp        maddy successfully logged on
18/12/2023 15:15:19    login.asp        maddy successfully logged on
18/12/2023 15:55:16    login.asp        maddy successfully logged on
18/12/2023 16:00:42    login.asp        maddy successfully logged on
19/12/2023 11:48:07    login.asp        d.bushnell successfully logged on
19/12/2023 13:50:17    login.asp        maddy successfully logged on
20/12/2023 09:56:56    login.asp        maddy successfully logged on
02/01/2024 14:07:47    login.asp        d.bushnell successfully logged on
02/01/2024 14:32:14    login.asp        d.bushnell successfully logged on
02/01/2024 17:02:18    login.asp        maddy successfully logged on
03/01/2024 09:44:00    login.asp        maddy successfully logged on
03/01/2024 13:52:51    login.asp        maddy successfully logged on
03/01/2024 14:10:59    login.asp        maddy successfully logged on
03/01/2024 15:21:56    login.asp        maddy successfully logged on
03/01/2024 16:11:04    login.asp        maddy successfully logged on
03/01/2024 16:26:24    login.asp        maddy successfully logged on
03/01/2024 16:52:00    login.asp        maddy successfully logged on
03/01/2024 17:40:33    login.asp        dave successfully logged on
03/01/2024 17:45:47    login.asp        maddy successfully logged on
04/01/2024 08:54:54    login.asp        maddy successfully logged on
04/01/2024 09:42:11    login.asp        maddy successfully logged on
04/01/2024 10:32:57    login.asp        maddy successfully logged on
04/01/2024 11:23:46    login.asp        d.bushnell successfully logged on
05/01/2024 10:47:20    login.asp        maddy successfully logged on
05/01/2024 11:12:44    login.asp        maddy successfully logged on
05/01/2024 13:34:44    login.asp        maddy successfully logged on
08/01/2024 10:30:32    login.asp        maddy successfully logged on
08/01/2024 11:59:50    login.asp        maddy successfully logged on
08/01/2024 13:44:25    login.asp        maddy successfully logged on
08/01/2024 13:46:48    login.asp        maddy successfully logged on
08/01/2024 13:47:31    login.asp        shanghai@savoirbeds.cn successfully logged on
08/01/2024 15:37:31    login.asp        shanghai@savoirbeds.cn successfully logged on
08/01/2024 17:52:24    login.asp        dave successfully logged on
10/01/2024 09:56:54    login.asp        maddy successfully logged on
10/01/2024 10:31:33    login.asp        maddy successfully logged on
10/01/2024 11:07:23    login.asp        maddy successfully logged on
10/01/2024 13:18:26    login.asp        maddy successfully logged on
10/01/2024 17:06:49    login.asp        dave successfully logged on
11/01/2024 09:09:21    login.asp        dave successfully logged on
11/01/2024 14:32:46    login.asp        maddy successfully logged on
11/01/2024 16:50:30    login.asp        maddy successfully logged on
12/01/2024 10:47:52    login.asp        maddy successfully logged on
12/01/2024 16:12:14    login.asp        maddy successfully logged on
14/01/2024 14:25:35    login.asp        dave successfully logged on
14/01/2024 15:40:36    login.asp        dave successfully logged on
14/01/2024 16:40:22    login.asp        dave successfully logged on
14/01/2024 18:24:03    login.asp        dave successfully logged on
15/01/2024 13:19:19    login.asp        maddy successfully logged on
15/01/2024 14:32:30    login.asp        maddy successfully logged on
15/01/2024 15:53:36    login.asp        maddy successfully logged on
15/01/2024 17:20:52    login.asp        dave successfully logged on
15/01/2024 18:34:51    login.asp        maddy successfully logged on
16/01/2024 09:52:15    login.asp        maddy successfully logged on
16/01/2024 16:28:17    login.asp        maddy successfully logged on
17/01/2024 09:18:05    login.asp        maddy successfully logged on
17/01/2024 14:18:16    login.asp        maddy successfully logged on
17/01/2024 14:32:36    login.asp        maddy successfully logged on
17/01/2024 15:02:55    login.asp        maddy successfully logged on
17/01/2024 15:40:30    login.asp        maddy successfully logged on
17/01/2024 17:40:58    login.asp        maddy successfully logged on
17/01/2024 18:29:05    login.asp        maddy successfully logged on
18/01/2024 09:31:54    login.asp        maddy successfully logged on
18/01/2024 10:12:50    login.asp        maddy successfully logged on
18/01/2024 13:12:58    login.asp        maddy successfully logged on
18/01/2024 17:46:32    login.asp        maddy successfully logged on
22/01/2024 10:09:14    login.asp        maddy successfully logged on
22/01/2024 10:43:00    login.asp        maddy successfully logged on
22/01/2024 14:30:41    login.asp        maddy successfully logged on
23/01/2024 19:07:32    login.asp        maddy successfully logged on
24/01/2024 10:47:30    login.asp        maddy successfully logged on
25/01/2024 08:48:31    login.asp        maddy successfully logged on
25/01/2024 16:31:48    login.asp        maddy successfully logged on
25/01/2024 17:29:55    login.asp        maddy successfully logged on
26/01/2024 09:59:10    login.asp        maddy successfully logged on
26/01/2024 14:21:08    login.asp        maddy successfully logged on
26/01/2024 15:37:25    login.asp        maddy successfully logged on
26/01/2024 16:19:26    login.asp        maddy successfully logged on
29/01/2024 10:57:08    login.asp        d.adkins successfully logged on
29/01/2024 12:56:21    login.asp        maddy successfully logged on
29/01/2024 17:25:14    login.asp        maddy successfully logged on
29/01/2024 17:48:27    login.asp        maddy successfully logged on
30/01/2024 09:28:56    login.asp        maddy successfully logged on
30/01/2024 17:00:27    login.asp        maddy successfully logged on
31/01/2024 13:36:39    login.asp        maddy successfully logged on
31/01/2024 14:05:27    login.asp        maddy successfully logged on
31/01/2024 15:59:55    login.asp        maddy successfully logged on
31/01/2024 17:32:20    login.asp        maddy successfully logged on
31/01/2024 18:48:28    login.asp        maddy successfully logged on
01/02/2024 09:52:22    login.asp        maddy successfully logged on
01/02/2024 10:41:11    login.asp        maddy successfully logged on
01/02/2024 11:05:42    login.asp        maddy successfully logged on
01/02/2024 13:57:07    login.asp        g.riche successfully logged on
01/02/2024 14:11:08    login.asp        shanghai@savoirbeds.cn failed to logon
01/02/2024 14:12:14    login.asp        shanghai@savoirbeds.cn successfully logged on
01/02/2024 14:20:02    login.asp        g.riche successfully logged on
01/02/2024 14:54:37    login.asp        maddy successfully logged on
01/02/2024 18:14:24    login.asp        maddy successfully logged on
04/02/2024 16:35:00    login.asp        maddy successfully logged on
06/02/2024 17:20:35    login.asp        maddy successfully logged on
07/02/2024 13:58:35    login.asp        maddy successfully logged on
07/02/2024 14:31:10    login.asp        maddy successfully logged on
07/02/2024 17:36:20    login.asp        maddy successfully logged on
07/02/2024 18:30:28    login.asp        maddy successfully logged on
08/02/2024 09:35:42    login.asp        maddy successfully logged on
08/02/2024 10:36:39    login.asp        maddy successfully logged on
09/02/2024 14:07:59    login.asp        maddy successfully logged on
09/02/2024 16:34:56    login.asp        maddy successfully logged on
09/02/2024 17:58:56    login.asp        maddy successfully logged on
09/02/2024 18:05:37    login.asp        maddy successfully logged on
09/02/2024 18:58:50    login.asp        maddy successfully logged on
10/02/2024 08:46:13    login.asp        maddy successfully logged on
10/02/2024 10:54:34    login.asp        maddy successfully logged on
10/02/2024 12:01:52    login.asp        maddy successfully logged on
10/02/2024 14:59:59    login.asp        maddy successfully logged on
10/02/2024 15:42:00    login.asp        maddy successfully logged on
10/02/2024 16:14:56    login.asp        maddy successfully logged on
11/02/2024 10:51:39    login.asp        maddy successfully logged on
12/02/2024 15:19:11    login.asp        maddy successfully logged on
12/02/2024 18:54:05    login.asp        maddy successfully logged on
13/02/2024 16:05:40    login.asp        maddy successfully logged on
14/02/2024 09:37:02    login.asp        maddy successfully logged on
14/02/2024 17:18:46    login.asp        maddy successfully logged on
14/02/2024 17:42:26    login.asp        dave successfully logged on
14/02/2024 18:22:50    login.asp        maddy successfully logged on
14/02/2024 18:56:39    login.asp        maddy successfully logged on
15/02/2024 11:55:01    login.asp        maddy successfully logged on
15/02/2024 16:31:05    login.asp        maddy successfully logged on
15/02/2024 17:57:44    login.asp        maddy successfully logged on
15/02/2024 18:18:49    login.asp        maddy successfully logged on
15/02/2024 18:30:41    login.asp        maddy successfully logged on
15/02/2024 18:41:51    login.asp        maddy successfully logged on
16/02/2024 14:31:26    login.asp        maddy successfully logged on
16/02/2024 15:27:08    login.asp        maddy successfully logged on
20/02/2024 09:12:25    login.asp        maddy successfully logged on
20/02/2024 09:49:55    login.asp        maddy successfully logged on
20/02/2024 16:53:21    login.asp        dave successfully logged on
21/02/2024 12:44:21    login.asp        d.bushnell successfully logged on
22/02/2024 10:03:41    login.asp        maddy successfully logged on
22/02/2024 13:47:29    login.asp        maddy successfully logged on
22/02/2024 15:26:55    login.asp        maddy successfully logged on
22/02/2024 16:24:40    login.asp        maddy successfully logged on
22/02/2024 17:22:40    login.asp        maddy successfully logged on
23/02/2024 08:49:33    login.asp        maddy successfully logged on
26/02/2024 13:55:49    login.asp        maddy successfully logged on
26/02/2024 15:55:18    login.asp        maddy successfully logged on
26/02/2024 17:09:28    login.asp        maddy successfully logged on
26/02/2024 17:42:18    login.asp        maddy successfully logged on
27/02/2024 10:17:28    login.asp        maddy successfully logged on
27/02/2024 14:13:34    login.asp        maddy successfully logged on
27/02/2024 16:01:27    login.asp        maddy successfully logged on
27/02/2024 17:19:29    login.asp        maddy successfully logged on
28/02/2024 09:54:35    login.asp        maddy successfully logged on
28/02/2024 17:20:43    login.asp        maddy successfully logged on
28/02/2024 17:42:48    login.asp        maddy successfully logged on
28/02/2024 18:40:47    login.asp        maddy successfully logged on
29/02/2024 18:10:14    login.asp        maddy successfully logged on
01/03/2024 08:34:59    login.asp        maddy successfully logged on
01/03/2024 13:42:17    login.asp        maddy successfully logged on
01/03/2024 17:34:15    login.asp        maddy successfully logged on
02/03/2024 08:09:29    login.asp        maddy successfully logged on
02/03/2024 16:11:44    login.asp        maddy successfully logged on
02/03/2024 16:59:41    login.asp        maddy successfully logged on
03/03/2024 09:06:57    login.asp        maddy successfully logged on
03/03/2024 11:19:19    login.asp        maddy successfully logged on
03/03/2024 11:45:06    login.asp        maddy successfully logged on
03/03/2024 12:22:10    login.asp        maddy successfully logged on
03/03/2024 14:18:50    login.asp        maddy successfully logged on
03/03/2024 15:21:53    login.asp        maddy successfully logged on
03/03/2024 16:12:35    login.asp        maddy successfully logged on
03/03/2024 16:29:37    login.asp        maddy successfully logged on
04/03/2024 17:23:27    login.asp        maddy successfully logged on
04/03/2024 18:09:09    login.asp        maddy successfully logged on
05/03/2024 09:17:21    login.asp        maddy successfully logged on
05/03/2024 13:00:48    login.asp        maddy successfully logged on
05/03/2024 15:42:45    login.asp        maddy successfully logged on
07/03/2024 09:59:16    login.asp        maddy successfully logged on
07/03/2024 10:13:32    login.asp        maddy successfully logged on
07/03/2024 10:39:02    login.asp        maddy successfully logged on
07/03/2024 13:57:39    login.asp        maddy successfully logged on
07/03/2024 15:07:31    login.asp        maddy successfully logged on
07/03/2024 17:11:50    login.asp        maddy successfully logged on
08/03/2024 14:37:37    login.asp        maddy successfully logged on
08/03/2024 15:33:43    login.asp        maddy successfully logged on
11/03/2024 13:35:24    login.asp        maddy successfully logged on
11/03/2024 14:20:35    login.asp        maddy successfully logged on
11/03/2024 15:22:00    login.asp        maddy successfully logged on
11/03/2024 15:49:48    login.asp        maddy successfully logged on
11/03/2024 16:35:44    login.asp        maddy successfully logged on
11/03/2024 18:04:07    login.asp        maddy successfully logged on
12/03/2024 08:47:01    login.asp        maddy successfully logged on
12/03/2024 18:05:12    login.asp        maddy successfully logged on
13/03/2024 10:28:36    login.asp        maddy successfully logged on
13/03/2024 10:40:16    login.asp        maddy successfully logged on
13/03/2024 11:25:43    login.asp        maddy successfully logged on
13/03/2024 13:25:26    login.asp        maddy successfully logged on
13/03/2024 13:43:00    login.asp        maddy successfully logged on
13/03/2024 13:50:14    login.asp        maddy successfully logged on
13/03/2024 14:08:13    login.asp        maddy successfully logged on
13/03/2024 14:20:28    login.asp        maddy successfully logged on
13/03/2024 14:26:10    login.asp        maddy successfully logged on
13/03/2024 15:03:45    login.asp        maddy successfully logged on
13/03/2024 15:08:15    login.asp        d.adkins successfully logged on
14/03/2024 13:05:15    login.asp        maddy successfully logged on
14/03/2024 13:45:31    login.asp        maddy successfully logged on
14/03/2024 14:34:46    login.asp        maddy successfully logged on
14/03/2024 17:45:38    login.asp        maddy successfully logged on
15/03/2024 10:17:57    login.asp        maddy successfully logged on
18/03/2024 08:52:27    login.asp        maddy successfully logged on
18/03/2024 10:34:47    login.asp        maddy successfully logged on
18/03/2024 13:19:26    login.asp        maddy successfully logged on
18/03/2024 15:13:01    login.asp        maddy successfully logged on
18/03/2024 17:19:06    login.asp        maddy successfully logged on
18/03/2024 17:47:24    login.asp        maddy successfully logged on
18/03/2024 18:30:49    login.asp        maddy successfully logged on
19/03/2024 19:15:55    login.asp        maddy successfully logged on
20/03/2024 17:33:04    login.asp        maddy successfully logged on
21/03/2024 14:37:31    login.asp        maddy successfully logged on
21/03/2024 15:22:52    login.asp        maddy successfully logged on
21/03/2024 19:30:39    login.asp        maddy successfully logged on
22/03/2024 07:55:41    login.asp        maddy successfully logged on
22/03/2024 08:01:55    login.asp        maddy successfully logged on
22/03/2024 08:31:46    login.asp        maddy successfully logged on
22/03/2024 14:04:46    login.asp        maddy successfully logged on
22/03/2024 14:56:52    login.asp        maddy successfully logged on
22/03/2024 15:38:27    login.asp        maddy successfully logged on
25/03/2024 17:52:51    login.asp        maddy successfully logged on
25/03/2024 18:19:51    login.asp        maddy successfully logged on
25/03/2024 19:00:18    login.asp        maddy successfully logged on
26/03/2024 17:09:28    login.asp        maddy successfully logged on
26/03/2024 18:19:57    login.asp        maddy successfully logged on
02/04/2024 18:38:30    login.asp        maddy successfully logged on
02/04/2024 19:09:03    login.asp        maddy successfully logged on
05/04/2024 11:03:13    login.asp        d.adkins successfully logged on
05/04/2024 12:40:38    login.asp        maddy successfully logged on
05/04/2024 13:19:22    login.asp        d.adkins successfully logged on
05/04/2024 13:59:02    login.asp        maddy successfully logged on
08/04/2024 09:33:09    login.asp        d.adkins successfully logged on
08/04/2024 14:22:49    login.asp        maddy successfully logged on
08/04/2024 17:10:03    login.asp        maddy successfully logged on
09/04/2024 09:29:39    login.asp        maddy successfully logged on
09/04/2024 13:23:28    login.asp        maddy successfully logged on
09/04/2024 13:25:05    login.asp        maddy successfully logged on
09/04/2024 13:46:40    login.asp        maddy successfully logged on
09/04/2024 13:49:50    login.asp        maddy successfully logged on
09/04/2024 13:59:10    login.asp        maddy successfully logged on
09/04/2024 14:01:49    login.asp        maddy successfully logged on
09/04/2024 14:10:26    login.asp        jamie.newyork failed to logon
09/04/2024 14:10:37    login.asp        maddy successfully logged on
09/04/2024 14:21:57    login.asp        maddy successfully logged on
09/04/2024 14:22:20    login.asp        maddy successfully logged on
09/04/2024 14:28:55    login.asp        maddy successfully logged on
09/04/2024 15:06:56    login.asp        maddy successfully logged on
09/04/2024 16:17:57    login.asp        maddy successfully logged on
09/04/2024 17:47:36    login.asp        maddy successfully logged on
10/04/2024 13:17:49    login.asp        maddy successfully logged on
10/04/2024 15:27:26    login.asp        maddy successfully logged on
10/04/2024 16:05:08    login.asp        maddy successfully logged on
10/04/2024 16:44:18    login.asp        maddy successfully logged on
10/04/2024 17:52:36    login.asp        maddy successfully logged on
10/04/2024 18:34:42    login.asp        maddy successfully logged on
10/04/2024 19:21:12    login.asp        maddy successfully logged on
11/04/2024 15:04:30    login.asp        maddy successfully logged on
