06/10/2023 09:50:08    /edit-purchase.asp    d.bushnell    Enter: No. of query params=1
06/10/2023 09:50:08    /edit-purchase.asp    d.bushnell    Enter: order=89195
06/10/2023 09:50:09    /edit-purchase.asp    d.bushnell    Exit
06/10/2023 10:00:12    /edit-purchase.asp    d.bushnell    Enter: No. of query params=1
06/10/2023 10:00:12    /edit-purchase.asp    d.bushnell    Enter: order=89189
06/10/2023 10:00:12    /edit-purchase.asp    d.bushnell    Exit
06/10/2023 10:08:05    /editcust.asp    d.bushnell    Enter: No. of query params=1
06/10/2023 10:08:05    /editcust.asp    d.bushnell    Enter: val=334290
06/10/2023 10:08:05    /editcust.asp    d.bushnell    Exit
06/10/2023 10:21:46    /editcust.asp    d.bushnell    Enter: No. of query params=1
06/10/2023 10:21:46    /editcust.asp    d.bushnell    Enter: val=332100
06/10/2023 10:21:47    /editcust.asp    d.bushnell    Exit
06/10/2023 11:34:56    /editcust.asp    d.bushnell    Enter: No. of query params=1
06/10/2023 11:34:56    /editcust.asp    d.bushnell    Enter: val=349209
06/10/2023 11:34:56    /editcust.asp    d.bushnell    Exit
06/10/2023 12:53:35    /edit-purchase.asp    d.bushnell    Enter: No. of query params=1
06/10/2023 12:53:35    /edit-purchase.asp    d.bushnell    Enter: order=79381
06/10/2023 12:53:35    /edit-purchase.asp    d.bushnell    Exit
06/10/2023 12:56:03    /edit-purchase.asp    d.bushnell    Enter: No. of query params=1
06/10/2023 12:56:03    /edit-purchase.asp    d.bushnell    Enter: order=79381
06/10/2023 12:56:03    /edit-purchase.asp    d.bushnell    Exit
06/10/2023 14:39:43    /editcust.asp    d.bushnell    Enter: No. of query params=1
06/10/2023 14:39:43    /editcust.asp    d.bushnell    Enter: val=349209
06/10/2023 14:39:43    /editcust.asp    d.bushnell    Exit
06/10/2023 14:43:12    /editcust.asp    d.bushnell    Enter: No. of query params=1
06/10/2023 14:43:12    /editcust.asp    d.bushnell    Enter: val=321383
06/10/2023 14:43:13    /editcust.asp    d.bushnell    Exit
06/10/2023 14:48:54    /edit-purchase.asp    d.bushnell    Enter: No. of query params=1
06/10/2023 14:48:54    /edit-purchase.asp    d.bushnell    Enter: order=92073
06/10/2023 14:50:07    /edit-purchase.asp    d.bushnell    Enter: No. of query params=1
06/10/2023 14:50:07    /edit-purchase.asp    d.bushnell    Enter: order=89416
06/10/2023 14:50:08    /edit-purchase.asp    d.bushnell    Exit
06/10/2023 14:52:31    /orderdetails.asp    d.bushnell    Enter: No. of query params=1
06/10/2023 14:52:31    /orderdetails.asp    d.bushnell    Enter: pn=89416
06/10/2023 14:52:31    /orderdetails.asp    d.bushnell    Exit
06/10/2023 14:54:41    /edit-purchase.asp    d.bushnell    Enter: No. of query params=1
06/10/2023 14:54:41    /edit-purchase.asp    d.bushnell    Enter: order=80183
06/10/2023 14:54:41    /edit-purchase.asp    d.bushnell    Exit
06/10/2023 14:54:48    /orderdetails.asp    d.bushnell    Enter: No. of query params=1
06/10/2023 14:54:48    /orderdetails.asp    d.bushnell    Enter: pn=80183
06/10/2023 14:54:48    /orderdetails.asp    d.bushnell    Exit
06/10/2023 14:59:29    /editcust.asp    d.bushnell    Enter: No. of query params=2
06/10/2023 14:59:29    /editcust.asp    d.bushnell    Enter: val=345354
06/10/2023 14:59:29    /editcust.asp    d.bushnell    Enter: tab=2
06/10/2023 14:59:29    /editcust.asp    d.bushnell    Exit
06/10/2023 15:26:41    login.asp    d.bushnell    d.bushnell successfully logged on
09/10/2023 07:50:20    /editcust.asp    d.bushnell    Enter: No. of query params=1
09/10/2023 07:50:20    /editcust.asp    d.bushnell    Enter: val=349209
09/10/2023 07:50:21    /editcust.asp    d.bushnell    Exit
13/10/2023 15:29:31    /edit-purchase.asp    d.bushnell    Enter: No. of query params=1
13/10/2023 15:29:31    /edit-purchase.asp    d.bushnell    Enter: order=79381
13/10/2023 15:29:32    /edit-purchase.asp    d.bushnell    Exit
13/10/2023 15:29:35    /edit-purchase.asp    d.bushnell    Enter: No. of query params=1
13/10/2023 15:29:35    /edit-purchase.asp    d.bushnell    Enter: order=79381
13/10/2023 15:29:36    /edit-purchase.asp    d.bushnell    Exit
13/10/2023 15:29:49    /orderdetails.asp    d.bushnell    Enter: No. of query params=1
13/10/2023 15:29:49    /orderdetails.asp    d.bushnell    Enter: pn=79381
13/10/2023 15:29:51    /orderdetails.asp    d.bushnell    Exit
13/10/2023 15:30:58    /current-orders.asp    d.bushnell    Enter: No. of query params=0
13/10/2023 15:34:51    /Index.asp    d.bushnell    Enter: No. of query params=0
13/10/2023 15:34:52    /Index.asp    d.bushnell    Exit
13/10/2023 15:35:09    /current-orders.asp    d.bushnell    Enter: No. of query params=0
13/10/2023 15:36:55    /current-orders.asp    d.bushnell    Exit
13/10/2023 15:58:51    /edit-purchase.asp    d.bushnell    Enter: No. of query params=1
13/10/2023 15:58:51    /edit-purchase.asp    d.bushnell    Enter: order=69322
13/10/2023 15:58:52    /edit-purchase.asp    d.bushnell    Exit
13/10/2023 15:59:11    /edit-purchase.asp    d.bushnell    Enter: No. of query params=1
13/10/2023 15:59:11    /edit-purchase.asp    d.bushnell    Enter: order=69322
13/10/2023 15:59:12    /edit-purchase.asp    d.bushnell    retrieveUserLocation=1
13/10/2023 15:59:12    /edit-purchase.asp    d.bushnell    paymentEmailCC=dmildenhall@salmon.com
13/10/2023 15:59:12    /edit-purchase.asp    d.bushnell    defunct: request(additionalpayment)=
13/10/2023 15:59:12    /ordercomplete.asp    d.bushnell    Enter: No. of query params=9
13/10/2023 15:59:12    /ordercomplete.asp    d.bushnell    Enter: mattreq=n
13/10/2023 15:59:12    /ordercomplete.asp    d.bushnell    Enter: basereq=n
13/10/2023 15:59:12    /ordercomplete.asp    d.bushnell    Enter: prod=
13/10/2023 15:59:12    /ordercomplete.asp    d.bushnell    Enter: topperreq=n
13/10/2023 15:59:12    /ordercomplete.asp    d.bushnell    Enter: valreq=n
13/10/2023 15:59:12    /ordercomplete.asp    d.bushnell    Enter: hbreq=n
13/10/2023 15:59:12    /ordercomplete.asp    d.bushnell    Enter: accreq=n
13/10/2023 15:59:12    /ordercomplete.asp    d.bushnell    Enter: legsreq=n
13/10/2023 15:59:12    /ordercomplete.asp    d.bushnell    Enter: val=69322
13/10/2023 15:59:12    /ordercomplete.asp    d.bushnell    Exit
13/10/2023 15:59:19    /edit-purchase.asp    d.bushnell    Enter: No. of query params=1
13/10/2023 15:59:19    /edit-purchase.asp    d.bushnell    Enter: order=69322
13/10/2023 15:59:20    /edit-purchase.asp    d.bushnell    Exit
13/10/2023 16:00:15    /orderdetails.asp    d.bushnell    Enter: No. of query params=1
13/10/2023 16:00:15    /orderdetails.asp    d.bushnell    Enter: pn=69322
13/10/2023 16:00:18    /orderdetails.asp    d.bushnell    Exit
13/10/2023 16:02:15    /orderdetails.asp    d.bushnell    Enter: No. of query params=1
13/10/2023 16:02:15    /orderdetails.asp    d.bushnell    Enter: pn=86482
13/10/2023 16:02:18    /orderdetails.asp    d.bushnell    Exit
18/10/2023 14:57:49    /edit-purchase.asp    d.bushnell    Enter: No. of query params=1
18/10/2023 14:57:49    /edit-purchase.asp    d.bushnell    Enter: order=72107
18/10/2023 14:57:49    /edit-purchase.asp    d.bushnell    Exit
19/10/2023 15:32:39    /edit-purchase.asp    d.bushnell    Enter: No. of query params=1
19/10/2023 15:32:39    /edit-purchase.asp    d.bushnell    Enter: order=69503
19/10/2023 15:32:40    /edit-purchase.asp    d.bushnell    Exit
20/10/2023 10:39:25    /orderdetails.asp    d.bushnell    Enter: No. of query params=1
20/10/2023 10:39:25    /orderdetails.asp    d.bushnell    Enter: pn=86482
20/10/2023 10:39:28    /orderdetails.asp    d.bushnell    Exit
27/10/2023 14:47:29    /edit-purchase.asp    d.bushnell    Enter: No. of query params=1
27/10/2023 14:47:29    /edit-purchase.asp    d.bushnell    Enter: order=69503
27/10/2023 14:47:31    /edit-purchase.asp    d.bushnell    Exit
27/10/2023 14:48:06    /editcust.asp    d.bushnell    Enter: No. of query params=2
27/10/2023 14:48:06    /editcust.asp    d.bushnell    Enter: val=17229
27/10/2023 14:48:06    /editcust.asp    d.bushnell    Enter: tab=2
27/10/2023 14:48:08    /editcust.asp    d.bushnell    Exit
27/10/2023 14:50:15    /edit-purchase.asp    d.bushnell    Enter: No. of query params=1
27/10/2023 14:50:15    /edit-purchase.asp    d.bushnell    Enter: order=70057
27/10/2023 14:50:15    /edit-purchase.asp    d.bushnell    Exit
27/10/2023 14:50:25    /edit-purchase.asp    d.bushnell    Enter: No. of query params=1
27/10/2023 14:50:25    /edit-purchase.asp    d.bushnell    Enter: order=69752
27/10/2023 14:50:25    /edit-purchase.asp    d.bushnell    Exit
27/10/2023 14:50:30    /editcust.asp    d.bushnell    Enter: No. of query params=2
27/10/2023 14:50:30    /editcust.asp    d.bushnell    Enter: val=321760
27/10/2023 14:50:30    /editcust.asp    d.bushnell    Enter: tab=2
27/10/2023 14:50:30    /editcust.asp    d.bushnell    Exit
27/10/2023 14:50:37    /editcust.asp    d.bushnell    Enter: No. of query params=2
27/10/2023 14:50:37    /editcust.asp    d.bushnell    Enter: val=1473
27/10/2023 14:50:37    /editcust.asp    d.bushnell    Enter: tab=2
27/10/2023 14:50:38    /editcust.asp    d.bushnell    Exit
27/10/2023 14:51:16    /edit-purchase.asp    d.bushnell    Enter: No. of query params=2
27/10/2023 14:51:16    /edit-purchase.asp    d.bushnell    Enter: readonly=y
27/10/2023 14:51:16    /edit-purchase.asp    d.bushnell    Enter: order=76089
27/10/2023 14:51:16    /edit-purchase.asp    d.bushnell    Exit
27/10/2023 15:09:44    /edit-purchase.asp    d.bushnell    Enter: No. of query params=1
27/10/2023 15:09:44    /edit-purchase.asp    d.bushnell    Enter: order=667
27/10/2023 15:09:45    /edit-purchase.asp    d.bushnell    Exit
02/11/2023 15:36:03    /orderdetails.asp    d.bushnell    Enter: No. of query params=1
02/11/2023 15:36:03    /orderdetails.asp    d.bushnell    Enter: pn=69322
02/11/2023 15:36:14    /orderdetails.asp    d.bushnell    Exit
02/11/2023 15:36:27    /editcust.asp    d.bushnell    Enter: No. of query params=2
02/11/2023 15:36:27    /editcust.asp    d.bushnell    Enter: val=320179
02/11/2023 15:36:27    /editcust.asp    d.bushnell    Enter: tab=2
02/11/2023 15:36:31    /editcust.asp    d.bushnell    Exit
03/11/2023 08:47:29    /edit-purchase.asp    d.bushnell    Enter: No. of query params=1
03/11/2023 08:47:29    /edit-purchase.asp    d.bushnell    Enter: order=89274
03/11/2023 08:47:31    /edit-purchase.asp    d.bushnell    Exit
03/11/2023 08:47:40    /editcust.asp    d.bushnell    Enter: No. of query params=2
03/11/2023 08:47:40    /editcust.asp    d.bushnell    Enter: val=327135
03/11/2023 08:47:40    /editcust.asp    d.bushnell    Enter: tab=2
03/11/2023 08:47:42    /editcust.asp    d.bushnell    Exit
02/01/2024 14:08:12    /edit-purchase.asp    d.bushnell    Enter: No. of query params=1
02/01/2024 14:08:12    /edit-purchase.asp    d.bushnell    Enter: order=83928
02/01/2024 14:08:12    /edit-purchase.asp    d.bushnell    Exit
02/01/2024 14:32:45    /edit-purchase.asp    d.bushnell    Enter: No. of query params=1
02/01/2024 14:32:45    /edit-purchase.asp    d.bushnell    Enter: order=89289
02/01/2024 14:32:46    /edit-purchase.asp    d.bushnell    Exit
02/01/2024 14:34:29    /orderdetails.asp    d.bushnell    Enter: No. of query params=1
02/01/2024 14:34:29    /orderdetails.asp    d.bushnell    Enter: pn=89289
02/01/2024 14:34:31    /orderdetails.asp    d.bushnell    Exit
02/01/2024 14:35:17    /update-productioninfo.asp    d.bushnell    Enter: No. of query params=0
02/01/2024 14:35:18    /orderdetails.asp    d.bushnell    Enter: No. of query params=2
02/01/2024 14:35:18    /orderdetails.asp    d.bushnell    Enter: pn=89289
02/01/2024 14:35:18    /orderdetails.asp    d.bushnell    Enter: msg=Details updated
02/01/2024 14:35:20    /orderdetails.asp    d.bushnell    Exit
04/01/2024 11:27:35    /orderdetails.asp    d.bushnell    Enter: No. of query params=1
04/01/2024 11:27:35    /orderdetails.asp    d.bushnell    Enter: pn=69370
04/01/2024 11:27:36    /orderdetails.asp    d.bushnell    Exit
04/01/2024 11:28:28    /editcust.asp    d.bushnell    Enter: No. of query params=1
04/01/2024 11:28:28    /editcust.asp    d.bushnell    Enter: val=348386
04/01/2024 11:28:29    /editcust.asp    d.bushnell    Exit
04/01/2024 11:28:50    /edit-purchase.asp    d.bushnell    Enter: No. of query params=2
04/01/2024 11:28:50    /edit-purchase.asp    d.bushnell    Enter: readonly=y
04/01/2024 11:28:50    /edit-purchase.asp    d.bushnell    Enter: order=83928
04/01/2024 11:28:50    /edit-purchase.asp    d.bushnell    Exit
04/01/2024 11:29:34    /current-orders.asp    d.bushnell    Enter: No. of query params=0
04/01/2024 11:31:06    /current-orders.asp    d.bushnell    Exit
04/01/2024 11:31:06    /current-orders.asp    d.bushnell    Enter: No. of query params=0
04/01/2024 11:32:34    /current-orders.asp    d.bushnell    Exit
04/01/2024 11:32:39    /edit-purchase.asp    d.bushnell    Enter: No. of query params=1
04/01/2024 11:32:39    /edit-purchase.asp    d.bushnell    Enter: order=83928
04/01/2024 11:32:39    /edit-purchase.asp    d.bushnell    Exit
